This is pdfTeX, Version 3.14159265-2.6-1.40.17 (TeX Live 2016) (preloaded format=pdflatex 2016.5.22)  31 MAR 2017 13:57
entering extended mode
 restricted \write18 enabled.
 %&-line parsing enabled.
**ME533_Report.tex
(./ME533_Report.tex
LaTeX2e <2016/03/31>
Babel <3.9r> and hyphenation patterns for 83 language(s) loaded.
(/usr/local/texlive/2016/texmf-dist/tex/latex/base/article.cls
Document Class: article 2014/09/29 v1.4h Standard LaTeX document class
(/usr/local/texlive/2016/texmf-dist/tex/latex/base/size11.clo
File: size11.clo 2014/09/29 v1.4h Standard LaTeX file (size option)
)
\c@part=\count79
\c@section=\count80
\c@subsection=\count81
\c@subsubsection=\count82
\c@paragraph=\count83
\c@subparagraph=\count84
\c@figure=\count85
\c@table=\count86
\abovecaptionskip=\skip41
\belowcaptionskip=\skip42
\bibindent=\dimen102
)
(/usr/local/texlive/2016/texmf-dist/tex/latex/graphics/graphicx.sty
Package: graphicx 2014/10/28 v1.0g Enhanced LaTeX Graphics (DPC,SPQR)

(/usr/local/texlive/2016/texmf-dist/tex/latex/graphics/keyval.sty
Package: keyval 2014/10/28 v1.15 key=value parser (DPC)
\KV@toks@=\toks14
)
(/usr/local/texlive/2016/texmf-dist/tex/latex/graphics/graphics.sty
Package: graphics 2016/05/09 v1.0r Standard LaTeX Graphics (DPC,SPQR)

(/usr/local/texlive/2016/texmf-dist/tex/latex/graphics/trig.sty
Package: trig 2016/01/03 v1.10 sin cos tan (DPC)
)
(/usr/local/texlive/2016/texmf-dist/tex/latex/graphics-cfg/graphics.cfg
File: graphics.cfg 2016/01/02 v1.10 sample graphics configuration
)
Package graphics Info: Driver file: pdftex.def on input line 96.

(/usr/local/texlive/2016/texmf-dist/tex/latex/pdftex-def/pdftex.def
File: pdftex.def 2011/05/27 v0.06d Graphics/color for pdfTeX

(/usr/local/texlive/2016/texmf-dist/tex/generic/oberdiek/infwarerr.sty
Package: infwarerr 2016/05/16 v1.4 Providing info/warning/error messages (HO)
)
(/usr/local/texlive/2016/texmf-dist/tex/generic/oberdiek/ltxcmds.sty
Package: ltxcmds 2016/05/16 v1.23 LaTeX kernel commands for general use (HO)
)
\Gread@gobject=\count87
))
\Gin@req@height=\dimen103
\Gin@req@width=\dimen104
)
(/usr/local/texlive/2016/texmf-dist/tex/latex/graphics/lscape.sty
Package: lscape 2000/10/22 v3.01 Landscape Pages (DPC)
)
(/usr/local/texlive/2016/texmf-dist/tex/latex/pdfpages/pdfpages.sty
Package: pdfpages 2016/04/19 v0.5f Insert pages of external PDF documents (AM)

(/usr/local/texlive/2016/texmf-dist/tex/latex/base/ifthen.sty
Package: ifthen 2014/09/29 v1.1c Standard LaTeX ifthen package (DPC)
)
(/usr/local/texlive/2016/texmf-dist/tex/latex/tools/calc.sty
Package: calc 2014/10/28 v4.3 Infix arithmetic (KKT,FJ)
\calc@Acount=\count88
\calc@Bcount=\count89
\calc@Adimen=\dimen105
\calc@Bdimen=\dimen106
\calc@Askip=\skip43
\calc@Bskip=\skip44
LaTeX Info: Redefining \setlength on input line 80.
LaTeX Info: Redefining \addtolength on input line 81.
\calc@Ccount=\count90
\calc@Cskip=\skip45
)
(/usr/local/texlive/2016/texmf-dist/tex/latex/eso-pic/eso-pic.sty
Package: eso-pic 2015/07/21 v2.0g eso-pic (RN)

(/usr/local/texlive/2016/texmf-dist/tex/generic/oberdiek/atbegshi.sty
Package: atbegshi 2016/05/16 v1.17 At begin shipout hook (HO)

(/usr/local/texlive/2016/texmf-dist/tex/generic/oberdiek/ifpdf.sty
Package: ifpdf 2016/05/14 v3.1 Provides the ifpdf switch
))
(/usr/local/texlive/2016/texmf-dist/tex/latex/xcolor/xcolor.sty
Package: xcolor 2016/05/11 v2.12 LaTeX color extensions (UK)

(/usr/local/texlive/2016/texmf-dist/tex/latex/graphics-cfg/color.cfg
File: color.cfg 2016/01/02 v1.6 sample color configuration
)
Package xcolor Info: Driver file: pdftex.def on input line 225.
Package xcolor Info: Model `cmy' substituted by `cmy0' on input line 1348.
Package xcolor Info: Model `hsb' substituted by `rgb' on input line 1352.
Package xcolor Info: Model `RGB' extended on input line 1364.
Package xcolor Info: Model `HTML' substituted by `rgb' on input line 1366.
Package xcolor Info: Model `Hsb' substituted by `hsb' on input line 1367.
Package xcolor Info: Model `tHsb' substituted by `hsb' on input line 1368.
Package xcolor Info: Model `HSB' substituted by `hsb' on input line 1369.
Package xcolor Info: Model `Gray' substituted by `gray' on input line 1370.
Package xcolor Info: Model `wave' substituted by `hsb' on input line 1371.
))
\AM@pagewidth=\dimen107
\AM@pageheight=\dimen108

(/usr/local/texlive/2016/texmf-dist/tex/latex/pdfpages/pppdftex.def
File: pppdftex.def 2016/04/19 v0.5f Pdfpages driver for pdfTeX (AM)
)
\AM@pagebox=\box26
\AM@global@opts=\toks15
\AM@toc@title=\toks16
\c@AM@survey=\count91
\AM@templatesizebox=\box27
)
(/usr/local/texlive/2016/texmf-dist/tex/latex/koma-script/scrextend.sty
Package: scrextend 2016/05/10 v3.20 KOMA-Script package (extend other classes w
ith features of KOMA-Script classes)

(/usr/local/texlive/2016/texmf-dist/tex/latex/koma-script/scrkbase.sty
Package: scrkbase 2016/05/10 v3.20 KOMA-Script package (KOMA-Script-dependent b
asics and keyval usage)

(/usr/local/texlive/2016/texmf-dist/tex/latex/koma-script/scrbase.sty
Package: scrbase 2016/05/10 v3.20 KOMA-Script package (KOMA-Script-independent 
basics and keyval usage)

(/usr/local/texlive/2016/texmf-dist/tex/latex/koma-script/scrlfile.sty
Package: scrlfile 2016/05/10 v3.20 KOMA-Script package (loading files)

Package scrlfile, 2016/05/10 v3.20 KOMA-Script package (loading files)
                  Copyright (C) Markus Kohm

)))
LaTeX Info: Redefining \textsubscript on input line 1292.
) (/usr/local/texlive/2016/texmf-dist/tex/latex/was/gensymb.sty
Package: gensymb 2003/07/02 v1.0 (WaS)
)
(/usr/local/texlive/2016/texmf-dist/tex/latex/caption/subcaption.sty
Package: subcaption 2016/02/20 v1.1-142 Sub-captions (AR)

(/usr/local/texlive/2016/texmf-dist/tex/latex/caption/caption.sty
Package: caption 2016/02/21 v3.3-144 Customizing captions (AR)

(/usr/local/texlive/2016/texmf-dist/tex/latex/caption/caption3.sty
Package: caption3 2016/02/04 v1.7-139 caption3 kernel (AR)
Package caption3 Info: TeX engine: e-TeX on input line 67.
\captionmargin=\dimen109
\captionmargin@=\dimen110
\captionwidth=\dimen111
\caption@tempdima=\dimen112
\caption@indent=\dimen113
\caption@parindent=\dimen114
\caption@hangindent=\dimen115
)
\c@ContinuedFloat=\count92
)
\c@subfigure=\count93
\c@subtable=\count94
)
(/usr/local/texlive/2016/texmf-dist/tex/latex/rotating/rotating.sty
Package: rotating 2009/03/28 v2.16a rotated objects in LaTeX
\c@r@tfl@t=\count95
\rotFPtop=\skip46
\rotFPbot=\skip47
\rot@float@box=\box28
\rot@mess@toks=\toks17
)
(/usr/local/texlive/2016/texmf-dist/tex/latex/appendix/appendix.sty
Package: appendix 2009/09/02 v1.2b extra appendix facilities
\c@@pps=\count96
\c@@ppsavesec=\count97
\c@@ppsaveapp=\count98
)
(/usr/local/texlive/2016/texmf-dist/tex/latex/setspace/setspace.sty
Package: setspace 2011/12/19 v6.7a set line spacing
)
(/usr/local/texlive/2016/texmf-dist/tex/latex/float/float.sty
Package: float 2001/11/08 v1.3d Float enhancements (AL)
\c@float@type=\count99
\float@exts=\toks18
\float@box=\box29
\@float@everytoks=\toks19
\@floatcapt=\box30
)
(/usr/local/texlive/2016/texmf-dist/tex/latex/multirow/multirow.sty
\bigstrutjot=\dimen116
)
(./ME533_Report.aux

LaTeX Warning: Label `tab:CalculatedValues' multiply defined.

)
\openout1 = `ME533_Report.aux'.

LaTeX Font Info:    Checking defaults for OML/cmm/m/it on input line 22.
LaTeX Font Info:    ... okay on input line 22.
LaTeX Font Info:    Checking defaults for T1/cmr/m/n on input line 22.
LaTeX Font Info:    ... okay on input line 22.
LaTeX Font Info:    Checking defaults for OT1/cmr/m/n on input line 22.
LaTeX Font Info:    ... okay on input line 22.
LaTeX Font Info:    Checking defaults for OMS/cmsy/m/n on input line 22.
LaTeX Font Info:    ... okay on input line 22.
LaTeX Font Info:    Checking defaults for OMX/cmex/m/n on input line 22.
LaTeX Font Info:    ... okay on input line 22.
LaTeX Font Info:    Checking defaults for U/cmr/m/n on input line 22.
LaTeX Font Info:    ... okay on input line 22.
 (/usr/local/texlive/2016/texmf-dist/tex/context/base/mkii/supp-pdf.mkii
[Loading MPS to PDF converter (version 2006.09.02).]
\scratchcounter=\count100
\scratchdimen=\dimen117
\scratchbox=\box31
\nofMPsegments=\count101
\nofMParguments=\count102
\everyMPshowfont=\toks20
\MPscratchCnt=\count103
\MPscratchDim=\dimen118
\MPnumerator=\count104
\makeMPintoPDFobject=\count105
\everyMPtoPDFconversion=\toks21
) (/usr/local/texlive/2016/texmf-dist/tex/generic/oberdiek/pdftexcmds.sty
Package: pdftexcmds 2016/05/10 v0.21 Utility functions of pdfTeX for LuaTeX (HO
)

(/usr/local/texlive/2016/texmf-dist/tex/generic/oberdiek/ifluatex.sty
Package: ifluatex 2016/05/16 v1.4 Provides the ifluatex switch (HO)
Package ifluatex Info: LuaTeX not detected.
)
Package pdftexcmds Info: LuaTeX not detected.
Package pdftexcmds Info: \pdf@primitive is available.
Package pdftexcmds Info: \pdf@ifprimitive is available.
Package pdftexcmds Info: \pdfdraftmode found.
)
(/usr/local/texlive/2016/texmf-dist/tex/latex/oberdiek/epstopdf-base.sty
Package: epstopdf-base 2016/05/15 v2.6 Base part for package epstopdf

(/usr/local/texlive/2016/texmf-dist/tex/latex/oberdiek/grfext.sty
Package: grfext 2016/05/16 v1.2 Manage graphics extensions (HO)

(/usr/local/texlive/2016/texmf-dist/tex/generic/oberdiek/kvdefinekeys.sty
Package: kvdefinekeys 2016/05/16 v1.4 Define keys (HO)
))
(/usr/local/texlive/2016/texmf-dist/tex/latex/oberdiek/kvoptions.sty
Package: kvoptions 2016/05/16 v3.12 Key value format for package options (HO)

(/usr/local/texlive/2016/texmf-dist/tex/generic/oberdiek/kvsetkeys.sty
Package: kvsetkeys 2016/05/16 v1.17 Key value parser (HO)

(/usr/local/texlive/2016/texmf-dist/tex/generic/oberdiek/etexcmds.sty
Package: etexcmds 2016/05/16 v1.6 Avoid name clashes with e-TeX commands (HO)
Package etexcmds Info: Could not find \expanded.
(etexcmds)             That can mean that you are not using pdfTeX 1.50 or
(etexcmds)             that some package has redefined \expanded.
(etexcmds)             In the latter case, load this package earlier.
)))
Package grfext Info: Graphics extension search list:
(grfext)             [.png,.pdf,.jpg,.mps,.jpeg,.jbig2,.jb2,.PNG,.PDF,.JPG,.JPE
G,.JBIG2,.JB2,.eps]
(grfext)             \AppendGraphicsExtensions on input line 456.

(/usr/local/texlive/2016/texmf-dist/tex/latex/latexconfig/epstopdf-sys.cfg
File: epstopdf-sys.cfg 2010/07/13 v1.3 Configuration of (r)epstopdf for TeX Liv
e
))
\AtBeginShipoutBox=\box32

(/usr/local/texlive/2016/texmf-dist/tex/latex/oberdiek/pdflscape.sty
Package: pdflscape 2016/05/14 v0.11 Display of landscape pages in PDF (HO)
Package pdflscape Info: Auto-detected driver: pdftex on input line 81.

(/usr/local/texlive/2016/texmf-dist/tex/generic/ifxetex/ifxetex.sty
Package: ifxetex 2010/09/12 v0.6 Provides ifxetex conditional
))
LaTeX Info: Redefining \celsius on input line 22.
Package gensymb Info: Faking symbols for \degree and \celsius on input line 22.



Package gensymb Warning: Not defining \perthousand.

LaTeX Info: Redefining \ohm on input line 22.
Package gensymb Info: Using \Omega for \ohm on input line 22.

Package gensymb Warning: Not defining \micro.

Package caption Info: Begin \AtBeginDocument code.
Package caption Info: float package is loaded.
Package caption Info: rotating package is loaded.
Package caption Info: End \AtBeginDocument code.
<./figures/University-of-Waterloo.png, id=1, 562.1pt x 381.425pt>
File: ./figures/University-of-Waterloo.png Graphic file (type png)

<use ./figures/University-of-Waterloo.png>
Package pdftex.def Info: ./figures/University-of-Waterloo.png used on input lin
e 37.
(pdftex.def)             Requested size: 168.6313pt x 114.42838pt.
 [1

{/usr/local/texlive/2016/texmf-var/fonts/map/pdftex/updmap/pdftex.map} <./figur
es/University-of-Waterloo.png>]
(./ME533_Report.toc)
\tf@toc=\write3
\openout3 = `ME533_Report.toc'.

 [1] (./ME533_Report.lof
LaTeX Font Info:    External font `cmex10' loaded for size
(Font)              <10.95> on input line 1.
LaTeX Font Info:    External font `cmex10' loaded for size
(Font)              <8> on input line 1.
LaTeX Font Info:    External font `cmex10' loaded for size
(Font)              <6> on input line 1.
)
\tf@lof=\write4
\openout4 = `ME533_Report.lof'.

 [2] (./ME533_Report.lot)
\tf@lot=\write5
\openout5 = `ME533_Report.lot'.

 [3]
LaTeX Font Info:    Try loading font information for OMS+cmr on input line 76.

(/usr/local/texlive/2016/texmf-dist/tex/latex/base/omscmr.fd
File: omscmr.fd 2014/09/29 v2.5h Standard LaTeX font definitions
)
LaTeX Font Info:    Font shape `OMS/cmr/m/n' in size <10.95> not available
(Font)              Font shape `OMS/cmsy/m/n' tried instead on input line 76.

<figures/PBT11_Long.png, id=22, 1951.29pt x 1463.4675pt>
File: figures/PBT11_Long.png Graphic file (type png)

<use figures/PBT11_Long.png>
Package pdftex.def Info: figures/PBT11_Long.png used on input line 89.
(pdftex.def)             Requested size: 298.47348pt x 223.8428pt.

<figures/PBT11_Trans.png, id=23, 1951.29pt x 1463.4675pt>
File: figures/PBT11_Trans.png Graphic file (type png)

<use figures/PBT11_Trans.png>
Package pdftex.def Info: figures/PBT11_Trans.png used on input line 95.
(pdftex.def)             Requested size: 298.47348pt x 223.8428pt.
 [4]
<figures/PBT-11-TRANSVERSE-WITH-LABEL.png, id=28, 1951.29pt x 1463.4675pt>
File: figures/PBT-11-TRANSVERSE-WITH-LABEL.png Graphic file (type png)

<use figures/PBT-11-TRANSVERSE-WITH-LABEL.png>
Package pdftex.def Info: figures/PBT-11-TRANSVERSE-WITH-LABEL.png used on input
 line 104.
(pdftex.def)             Requested size: 298.47348pt x 223.8428pt.

<figures/PBT-12-TRANSVERSE-COMBINED.png, id=30, 1951.29pt x 1463.4675pt>
File: figures/PBT-12-TRANSVERSE-COMBINED.png Graphic file (type png)

<use figures/PBT-12-TRANSVERSE-COMBINED.png>
Package pdftex.def Info: figures/PBT-12-TRANSVERSE-COMBINED.png used on input l
ine 110.
(pdftex.def)             Requested size: 298.47348pt x 223.8428pt.
 [5 <./figures/PBT11_Long.png> <./figures/PBT11_Trans.png>] [6 <./figures/PBT-1
1-TRANSVERSE-WITH-LABEL.png> <./figures/PBT-12-TRANSVERSE-COMBINED.png>]
Overfull \hbox (5.35696pt too wide) in paragraph at lines 140--149
 [] 
 []

[7]
Underfull \hbox (badness 10000) in paragraph at lines 196--198

 []

<figures/PBT9_Tensile.png, id=48, 530.73282pt x 351.56343pt>
File: figures/PBT9_Tensile.png Graphic file (type png)

<use figures/PBT9_Tensile.png>
Package pdftex.def Info: figures/PBT9_Tensile.png used on input line 221.
(pdftex.def)             Requested size: 405.07161pt x 268.32823pt.

Underfull \hbox (badness 10000) in paragraph at lines 217--224

 []

[8] <figures/PBT9_Fail.png, id=53, 534.49687pt x 347.04657pt>
File: figures/PBT9_Fail.png Graphic file (type png)

<use figures/PBT9_Fail.png>
Package pdftex.def Info: figures/PBT9_Fail.png used on input line 228.
(pdftex.def)             Requested size: 405.07161pt x 263.02205pt.

<figures/PBT11_Tensile.png, id=54, 532.99126pt x 344.78813pt>
File: figures/PBT11_Tensile.png Graphic file (type png)

<use figures/PBT11_Tensile.png>
Package pdftex.def Info: figures/PBT11_Tensile.png used on input line 235.
(pdftex.def)             Requested size: 405.07161pt x 262.04695pt.
 [9 <./figures/PBT9_Tensile.png> <./figures/PBT9_Fail.png>] <figures/PBT11_Fail
.png, id=60, 534.49687pt x 354.57469pt>
File: figures/PBT11_Fail.png Graphic file (type png)

<use figures/PBT11_Fail.png>
Package pdftex.def Info: figures/PBT11_Fail.png used on input line 242.
(pdftex.def)             Requested size: 405.07161pt x 268.72752pt.

<figures/PBT12_Tensile.png, id=61, 536.0025pt x 341.02406pt>
File: figures/PBT12_Tensile.png Graphic file (type png)

<use figures/PBT12_Tensile.png>
Package pdftex.def Info: figures/PBT12_Tensile.png used on input line 249.
(pdftex.def)             Requested size: 405.07161pt x 257.71877pt.
 [10 <./figures/PBT11_Tensile.png> <./figures/PBT11_Fail.png>] <figures/PBT12_F
ail.png, id=67, 532.99126pt x 343.2825pt>
File: figures/PBT12_Fail.png Graphic file (type png)

<use figures/PBT12_Fail.png>
Package pdftex.def Info: figures/PBT12_Fail.png used on input line 256.
(pdftex.def)             Requested size: 405.07161pt x 260.90263pt.

<figures/PBT14_Tensile.png, id=68, 527.72156pt x 342.5297pt>
File: figures/PBT14_Tensile.png Graphic file (type png)

<use figures/PBT14_Tensile.png>
Package pdftex.def Info: figures/PBT14_Tensile.png used on input line 265.
(pdftex.def)             Requested size: 405.07161pt x 262.91765pt.
 [11 <./figures/PBT12_Tensile.png> <./figures/PBT12_Fail.png>] <figures/PBT14_F
ail.png, id=74, 537.50812pt x 341.77687pt>
File: figures/PBT14_Fail.png Graphic file (type png)

<use figures/PBT14_Fail.png>
Package pdftex.def Info: figures/PBT14_Fail.png used on input line 272.
(pdftex.def)             Requested size: 405.07161pt x 257.568pt.
 [12 <./figures/PBT14_Tensile.png> <./figures/PBT14_Fail.png>]
Overfull \hbox (8.54276pt too wide) in paragraph at lines 285--297
 [] 
 []

<figures/fracture_stress_test_vs_calc.png, id=81, 532.23843pt x 347.04657pt>
File: figures/fracture_stress_test_vs_calc.png Graphic file (type png)

<use figures/fracture_stress_test_vs_calc.png>
Package pdftex.def Info: figures/fracture_stress_test_vs_calc.png used on input
 line 304.
(pdftex.def)             Requested size: 405.07161pt x 264.13411pt.

<figures/modulus_test_vs_calc.png, id=82, 526.96875pt x 356.0803pt>
File: figures/modulus_test_vs_calc.png Graphic file (type png)

<use figures/modulus_test_vs_calc.png>
Package pdftex.def Info: figures/modulus_test_vs_calc.png used on input line 31
1.
(pdftex.def)             Requested size: 405.07161pt x 273.72627pt.
 [13 <./figures/fracture_stress_test_vs_calc.png>] [14 <./figures/modulus_test_
vs_calc.png>] [15] (./ME533_Report.aux)

LaTeX Warning: There were multiply-defined labels.

 ) 
Here is how much of TeX's memory you used:
 5053 strings out of 493014
 81259 string characters out of 6133351
 171194 words of memory out of 5000000
 8492 multiletter control sequences out of 15000+600000
 8841 words of font info for 31 fonts, out of 8000000 for 9000
 1141 hyphenation exceptions out of 8191
 48i,10n,52p,922b,313s stack positions out of 5000i,500n,10000p,200000b,80000s
</usr/local/texlive/2016/texmf-dist/fonts/type1/public/amsfonts/cm/cmbx10.pfb
></usr/local/texlive/2016/texmf-dist/fonts/type1/public/amsfonts/cm/cmbx12.pfb>
</usr/local/texlive/2016/texmf-dist/fonts/type1/public/amsfonts/cm/cmex10.pfb><
/usr/local/texlive/2016/texmf-dist/fonts/type1/public/amsfonts/cm/cmmi10.pfb></
usr/local/texlive/2016/texmf-dist/fonts/type1/public/amsfonts/cm/cmmi8.pfb></us
r/local/texlive/2016/texmf-dist/fonts/type1/public/amsfonts/cm/cmr10.pfb></usr/
local/texlive/2016/texmf-dist/fonts/type1/public/amsfonts/cm/cmr12.pfb></usr/lo
cal/texlive/2016/texmf-dist/fonts/type1/public/amsfonts/cm/cmr17.pfb></usr/loca
l/texlive/2016/texmf-dist/fonts/type1/public/amsfonts/cm/cmr8.pfb></usr/local/t
exlive/2016/texmf-dist/fonts/type1/public/amsfonts/cm/cmsy10.pfb></usr/local/te
xlive/2016/texmf-dist/fonts/type1/public/amsfonts/cm/cmsy8.pfb></usr/local/texl
ive/2016/texmf-dist/fonts/type1/public/amsfonts/cm/cmti10.pfb>
Output written on ME533_Report.pdf (16 pages, 41745921 bytes).
PDF statistics:
 133 PDF objects out of 1000 (max. 8388607)
 74 compressed objects within 1 object stream
 0 named destinations out of 1000 (max. 500000)
 76 words of extra memory for PDF output out of 10000 (max. 10000000)

